<?xml version="1.0" encoding="UTF-8"?>
<testsuite name="com.nequi.franchise.nequi.services.BranchOfficeServiceTest" tests="5" skipped="0" failures="0" errors="0" timestamp="2025-05-24T11:14:21.328Z" hostname="MacBook-Pro-de-Mauricio.local" time="0.424">
  <properties/>
  <testcase name="Test Create Branch Office Not Franchise" classname="com.nequi.franchise.nequi.services.BranchOfficeServiceTest" time="0.266"/>
  <testcase name="Test Update Name Success" classname="com.nequi.franchise.nequi.services.BranchOfficeServiceTest" time="0.146"/>
  <testcase name="Test Find Branch Office By Id" classname="com.nequi.franchise.nequi.services.BranchOfficeServiceTest" time="0.002"/>
  <testcase name="Test Update Name Not Exist" classname="com.nequi.franchise.nequi.services.BranchOfficeServiceTest" time="0.003"/>
  <testcase name="Test Create Branch Office Success" classname="com.nequi.franchise.nequi.services.BranchOfficeServiceTest" time="0.004"/>
  <system-out><![CDATA[]]></system-out>
  <system-err><![CDATA[]]></system-err>
</testsuite>
