<?xml version="1.0" encoding="UTF-8"?>
<testsuite name="com.nequi.franchise.nequi.services.FranchiseServiceTest" tests="4" skipped="0" failures="0" errors="0" timestamp="2025-05-24T11:14:21.754Z" hostname="MacBook-Pro-de-Mauricio.local" time="0.098">
  <properties/>
  <testcase name="Test Create Franchise Success" classname="com.nequi.franchise.nequi.services.FranchiseServiceTest" time="0.089"/>
  <testcase name="Test Update Name Success" classname="com.nequi.franchise.nequi.services.FranchiseServiceTest" time="0.003"/>
  <testcase name="Test Update Name Not Exist" classname="com.nequi.franchise.nequi.services.FranchiseServiceTest" time="0.003"/>
  <testcase name="Test Find Product By Id" classname="com.nequi.franchise.nequi.services.FranchiseServiceTest" time="0.002"/>
  <system-out><![CDATA[]]></system-out>
  <system-err><![CDATA[]]></system-err>
</testsuite>
