<?xml version="1.0" encoding="UTF-8"?>
<testsuite name="com.nequi.franchise.nequi.controllers.ProductControllerTest" tests="5" skipped="0" failures="0" errors="0" timestamp="2025-05-24T11:14:21.178Z" hostname="MacBook-Pro-de-Mauricio.local" time="0.14">
  <properties/>
  <testcase name="Testing getTopStockProductsByFranchise" classname="com.nequi.franchise.nequi.controllers.ProductControllerTest" time="0.078"/>
  <testcase name="Testing Update Stock Product" classname="com.nequi.franchise.nequi.controllers.ProductControllerTest" time="0.019"/>
  <testcase name="Testing Update Name Product" classname="com.nequi.franchise.nequi.controllers.ProductControllerTest" time="0.012"/>
  <testcase name="Testing Create Product" classname="com.nequi.franchise.nequi.controllers.ProductControllerTest" time="0.015"/>
  <testcase name="Testing Delete Product" classname="com.nequi.franchise.nequi.controllers.ProductControllerTest" time="0.008"/>
  <system-out><![CDATA[2025-05-24T06:14:20.761-05:00  INFO 4742 --- [nequi] [    Test worker] t.c.s.AnnotationConfigContextLoaderUtils : Could not detect default configuration classes for test class [com.nequi.franchise.nequi.controllers.ProductControllerTest]: ProductControllerTest does not declare any static, non-private, non-final, nested classes annotated with @Configuration.
2025-05-24T06:14:20.775-05:00  INFO 4742 --- [nequi] [    Test worker] .b.t.c.SpringBootTestContextBootstrapper : Found @SpringBootConfiguration com.nequi.franchise.nequi.NequiApplication for test class com.nequi.franchise.nequi.controllers.ProductControllerTest

  .   ____          _            __ _ _
 /\\ / ___'_ __ _ _(_)_ __  __ _ \ \ \ \
( ( )\___ | '_ | '_| | '_ \/ _` | \ \ \ \
 \\/  ___)| |_)| | | | | || (_| |  ) ) ) )
  '  |____| .__|_| |_|_| |_\__, | / / / /
 =========|_|==============|___/=/_/_/_/

 :: Spring Boot ::                (v3.4.6)

2025-05-24T06:14:20.807-05:00  INFO 4742 --- [nequi] [    Test worker] c.n.f.n.c.ProductControllerTest          : Starting ProductControllerTest using Java 21.0.5 with PID 4742 (started by mauriciogarcesgonzalez in /Users/mauriciogarcesgonzalez/Downloads/Prueba Tecnica/nequi)
2025-05-24T06:14:20.808-05:00  INFO 4742 --- [nequi] [    Test worker] c.n.f.n.c.ProductControllerTest          : No active profile set, falling back to 1 default profile: "default"
2025-05-24T06:14:21.166-05:00  INFO 4742 --- [nequi] [    Test worker] o.s.b.t.m.w.SpringBootMockServletContext : Initializing Spring TestDispatcherServlet ''
2025-05-24T06:14:21.166-05:00  INFO 4742 --- [nequi] [    Test worker] o.s.t.web.servlet.TestDispatcherServlet  : Initializing Servlet ''
2025-05-24T06:14:21.167-05:00  INFO 4742 --- [nequi] [    Test worker] o.s.t.web.servlet.TestDispatcherServlet  : Completed initialization in 1 ms
2025-05-24T06:14:21.176-05:00  INFO 4742 --- [nequi] [    Test worker] c.n.f.n.c.ProductControllerTest          : Started ProductControllerTest in 0.398 seconds (process running for 7.76)
]]></system-out>
  <system-err><![CDATA[]]></system-err>
</testsuite>
