<?xml version="1.0" encoding="UTF-8"?>
<testsuite name="com.nequi.franchise.nequi.controllers.BranchOfficeControllerTest" tests="2" skipped="0" failures="0" errors="0" timestamp="2025-05-24T11:14:19.589Z" hostname="MacBook-Pro-de-Mauricio.local" time="0.7">
  <properties/>
  <testcase name="Testing Update Name Branch Office" classname="com.nequi.franchise.nequi.controllers.BranchOfficeControllerTest" time="0.683"/>
  <testcase name="Testing Create Branch Office" classname="com.nequi.franchise.nequi.controllers.BranchOfficeControllerTest" time="0.015"/>
  <system-out><![CDATA[06:14:14.898 [Test worker] INFO org.springframework.test.context.support.AnnotationConfigContextLoaderUtils -- Could not detect default configuration classes for test class [com.nequi.franchise.nequi.controllers.BranchOfficeControllerTest]: BranchOfficeControllerTest does not declare any static, non-private, non-final, nested classes annotated with @Configuration.
06:14:15.202 [Test worker] INFO org.springframework.boot.test.context.SpringBootTestContextBootstrapper -- Found @SpringBootConfiguration com.nequi.franchise.nequi.NequiApplication for test class com.nequi.franchise.nequi.controllers.BranchOfficeControllerTest

  .   ____          _            __ _ _
 /\\ / ___'_ __ _ _(_)_ __  __ _ \ \ \ \
( ( )\___ | '_ | '_| | '_ \/ _` | \ \ \ \
 \\/  ___)| |_)| | | | | || (_| |  ) ) ) )
  '  |____| .__|_| |_|_| |_\__, | / / / /
 =========|_|==============|___/=/_/_/_/

 :: Spring Boot ::                (v3.4.6)

2025-05-24T06:14:15.908-05:00  INFO 4742 --- [nequi] [    Test worker] c.n.f.n.c.BranchOfficeControllerTest     : Starting BranchOfficeControllerTest using Java 21.0.5 with PID 4742 (started by mauriciogarcesgonzalez in /Users/mauriciogarcesgonzalez/Downloads/Prueba Tecnica/nequi)
2025-05-24T06:14:15.910-05:00  INFO 4742 --- [nequi] [    Test worker] c.n.f.n.c.BranchOfficeControllerTest     : No active profile set, falling back to 1 default profile: "default"
2025-05-24T06:14:19.461-05:00  INFO 4742 --- [nequi] [    Test worker] o.s.b.t.m.w.SpringBootMockServletContext : Initializing Spring TestDispatcherServlet ''
2025-05-24T06:14:19.462-05:00  INFO 4742 --- [nequi] [    Test worker] o.s.t.web.servlet.TestDispatcherServlet  : Initializing Servlet ''
2025-05-24T06:14:19.466-05:00  INFO 4742 --- [nequi] [    Test worker] o.s.t.web.servlet.TestDispatcherServlet  : Completed initialization in 3 ms
2025-05-24T06:14:19.554-05:00  INFO 4742 --- [nequi] [    Test worker] c.n.f.n.c.BranchOfficeControllerTest     : Started BranchOfficeControllerTest in 4.239 seconds (process running for 6.138)
]]></system-out>
  <system-err><![CDATA[Mockito is currently self-attaching to enable the inline-mock-maker. This will no longer work in future releases of the JDK. Please add Mockito as an agent to your build what is described in Mockito's documentation: https://javadoc.io/doc/org.mockito/mockito-core/latest/org/mockito/Mockito.html#0.3
WARNING: A Java agent has been loaded dynamically (/Users/mauriciogarcesgonzalez/.gradle/caches/modules-2/files-2.1/net.bytebuddy/byte-buddy-agent/1.15.11/a38b16385e867f59a641330f0362ebe742788ed8/byte-buddy-agent-1.15.11.jar)
WARNING: If a serviceability tool is in use, please run with -XX:+EnableDynamicAgentLoading to hide this warning
WARNING: If a serviceability tool is not in use, please run with -Djdk.instrument.traceUsage for more information
WARNING: Dynamic loading of agents will be disallowed by default in a future release
]]></system-err>
</testsuite>
