<?xml version="1.0" encoding="UTF-8"?>
<testsuite name="com.nequi.franchise.nequi.controllers.FranchiseControllerTest" tests="2" skipped="0" failures="0" errors="0" timestamp="2025-05-24T11:14:20.715Z" hostname="MacBook-Pro-de-Mauricio.local" time="0.037">
  <properties/>
  <testcase name="Testing Update Name Franchise" classname="com.nequi.franchise.nequi.controllers.FranchiseControllerTest" time="0.022"/>
  <testcase name="Testing Create Franchise" classname="com.nequi.franchise.nequi.controllers.FranchiseControllerTest" time="0.013"/>
  <system-out><![CDATA[2025-05-24T06:14:20.300-05:00  INFO 4742 --- [nequi] [    Test worker] t.c.s.AnnotationConfigContextLoaderUtils : Could not detect default configuration classes for test class [com.nequi.franchise.nequi.controllers.FranchiseControllerTest]: FranchiseControllerTest does not declare any static, non-private, non-final, nested classes annotated with @Configuration.
2025-05-24T06:14:20.323-05:00  INFO 4742 --- [nequi] [    Test worker] .b.t.c.SpringBootTestContextBootstrapper : Found @SpringBootConfiguration com.nequi.franchise.nequi.NequiApplication for test class com.nequi.franchise.nequi.controllers.FranchiseControllerTest

  .   ____          _            __ _ _
 /\\ / ___'_ __ _ _(_)_ __  __ _ \ \ \ \
( ( )\___ | '_ | '_| | '_ \/ _` | \ \ \ \
 \\/  ___)| |_)| | | | | || (_| |  ) ) ) )
  '  |____| .__|_| |_|_| |_\__, | / / / /
 =========|_|==============|___/=/_/_/_/

 :: Spring Boot ::                (v3.4.6)

2025-05-24T06:14:20.362-05:00  INFO 4742 --- [nequi] [    Test worker] c.n.f.n.c.FranchiseControllerTest        : Starting FranchiseControllerTest using Java 21.0.5 with PID 4742 (started by mauriciogarcesgonzalez in /Users/mauriciogarcesgonzalez/Downloads/Prueba Tecnica/nequi)
2025-05-24T06:14:20.362-05:00  INFO 4742 --- [nequi] [    Test worker] c.n.f.n.c.FranchiseControllerTest        : No active profile set, falling back to 1 default profile: "default"
2025-05-24T06:14:20.699-05:00  INFO 4742 --- [nequi] [    Test worker] o.s.b.t.m.w.SpringBootMockServletContext : Initializing Spring TestDispatcherServlet ''
2025-05-24T06:14:20.700-05:00  INFO 4742 --- [nequi] [    Test worker] o.s.t.web.servlet.TestDispatcherServlet  : Initializing Servlet ''
2025-05-24T06:14:20.701-05:00  INFO 4742 --- [nequi] [    Test worker] o.s.t.web.servlet.TestDispatcherServlet  : Completed initialization in 1 ms
2025-05-24T06:14:20.712-05:00  INFO 4742 --- [nequi] [    Test worker] c.n.f.n.c.FranchiseControllerTest        : Started FranchiseControllerTest in 0.385 seconds (process running for 7.296)
]]></system-out>
  <system-err><![CDATA[]]></system-err>
</testsuite>
